2019-06-02 23:38:24 INFO  MenuController:57 - Choosen level: easy
2019-06-02 23:38:27 INFO  MenuController:122 - Game started
2019-06-02 23:38:35 INFO  MenuController:122 - Game started
2019-06-02 23:38:49 INFO  MenuController:122 - Game started
2019-06-02 23:38:52 INFO  MenuController:80 - Choosen level: medium
2019-06-02 23:38:53 INFO  MenuController:122 - Game started
2019-06-02 23:38:54 INFO  MenuController:57 - Choosen level: easy
2019-06-02 23:38:57 INFO  MenuController:57 - Choosen level: easy
2019-06-02 23:38:57 INFO  MenuController:122 - Game started
2019-06-02 23:44:47 INFO  MenuController:80 - Choosen level: medium
2019-06-02 23:44:47 INFO  MenuController:122 - Game started
2019-06-02 23:44:48 ERROR FileSudokuBoardDao:32 - Blad zwiazany z IOException
java.io.NotSerializableException: java.util.PropertyResourceBundle
	at java.io.ObjectOutputStream.writeObject0(ObjectOutputStream.java:1184)
	at java.io.ObjectOutputStream.defaultWriteFields(ObjectOutputStream.java:1548)
	at java.io.ObjectOutputStream.writeSerialData(ObjectOutputStream.java:1509)
	at java.io.ObjectOutputStream.writeOrdinaryObject(ObjectOutputStream.java:1432)
	at java.io.ObjectOutputStream.writeObject0(ObjectOutputStream.java:1178)
	at java.io.ObjectOutputStream.writeArray(ObjectOutputStream.java:1378)
	at java.io.ObjectOutputStream.writeObject0(ObjectOutputStream.java:1174)
	at java.io.ObjectOutputStream.defaultWriteFields(ObjectOutputStream.java:1548)
	at java.io.ObjectOutputStream.writeSerialData(ObjectOutputStream.java:1509)
	at java.io.ObjectOutputStream.writeOrdinaryObject(ObjectOutputStream.java:1432)
	at java.io.ObjectOutputStream.writeObject0(ObjectOutputStream.java:1178)
	at java.io.ObjectOutputStream.writeArray(ObjectOutputStream.java:1378)
	at java.io.ObjectOutputStream.writeObject0(ObjectOutputStream.java:1174)
	at java.io.ObjectOutputStream.defaultWriteFields(ObjectOutputStream.java:1548)
	at java.io.ObjectOutputStream.writeSerialData(ObjectOutputStream.java:1509)
	at java.io.ObjectOutputStream.writeOrdinaryObject(ObjectOutputStream.java:1432)
	at java.io.ObjectOutputStream.writeObject0(ObjectOutputStream.java:1178)
	at java.io.ObjectOutputStream.defaultWriteFields(ObjectOutputStream.java:1548)
	at java.io.ObjectOutputStream.writeSerialData(ObjectOutputStream.java:1509)
	at java.io.ObjectOutputStream.writeOrdinaryObject(ObjectOutputStream.java:1432)
	at java.io.ObjectOutputStream.writeObject0(ObjectOutputStream.java:1178)
	at java.io.ObjectOutputStream.writeObject(ObjectOutputStream.java:348)
	at dao.FileSudokuBoardDao.write(FileSudokuBoardDao.java:29)
	at GUI.PlanszaController.zapisz(PlanszaController.java:44)
	at sun.reflect.NativeMethodAccessorImpl.invoke0(Native Method)
	at sun.reflect.NativeMethodAccessorImpl.invoke(NativeMethodAccessorImpl.java:62)
	at sun.reflect.DelegatingMethodAccessorImpl.invoke(DelegatingMethodAccessorImpl.java:43)
	at java.lang.reflect.Method.invoke(Method.java:498)
	at sun.reflect.misc.Trampoline.invoke(MethodUtil.java:71)
	at sun.reflect.GeneratedMethodAccessor1.invoke(Unknown Source)
	at sun.reflect.DelegatingMethodAccessorImpl.invoke(DelegatingMethodAccessorImpl.java:43)
	at java.lang.reflect.Method.invoke(Method.java:498)
	at sun.reflect.misc.MethodUtil.invoke(MethodUtil.java:275)
	at javafx.fxml.FXMLLoader$MethodHandler.invoke(FXMLLoader.java:1771)
	at javafx.fxml.FXMLLoader$ControllerMethodEventHandler.handle(FXMLLoader.java:1657)
	at com.sun.javafx.event.CompositeEventHandler.dispatchBubblingEvent(CompositeEventHandler.java:86)
	at com.sun.javafx.event.EventHandlerManager.dispatchBubblingEvent(EventHandlerManager.java:238)
	at com.sun.javafx.event.EventHandlerManager.dispatchBubblingEvent(EventHandlerManager.java:191)
	at com.sun.javafx.event.CompositeEventDispatcher.dispatchBubblingEvent(CompositeEventDispatcher.java:59)
	at com.sun.javafx.event.BasicEventDispatcher.dispatchEvent(BasicEventDispatcher.java:58)
	at com.sun.javafx.event.EventDispatchChainImpl.dispatchEvent(EventDispatchChainImpl.java:114)
	at com.sun.javafx.event.BasicEventDispatcher.dispatchEvent(BasicEventDispatcher.java:56)
	at com.sun.javafx.event.EventDispatchChainImpl.dispatchEvent(EventDispatchChainImpl.java:114)
	at com.sun.javafx.event.BasicEventDispatcher.dispatchEvent(BasicEventDispatcher.java:56)
	at com.sun.javafx.event.EventDispatchChainImpl.dispatchEvent(EventDispatchChainImpl.java:114)
	at com.sun.javafx.event.EventUtil.fireEventImpl(EventUtil.java:74)
	at com.sun.javafx.event.EventUtil.fireEvent(EventUtil.java:49)
	at javafx.event.Event.fireEvent(Event.java:198)
	at javafx.scene.Node.fireEvent(Node.java:8411)
	at javafx.scene.control.Button.fire(Button.java:185)
	at com.sun.javafx.scene.control.behavior.ButtonBehavior.mouseReleased(ButtonBehavior.java:182)
	at com.sun.javafx.scene.control.skin.BehaviorSkinBase$1.handle(BehaviorSkinBase.java:96)
	at com.sun.javafx.scene.control.skin.BehaviorSkinBase$1.handle(BehaviorSkinBase.java:89)
	at com.sun.javafx.event.CompositeEventHandler$NormalEventHandlerRecord.handleBubblingEvent(CompositeEventHandler.java:218)
	at com.sun.javafx.event.CompositeEventHandler.dispatchBubblingEvent(CompositeEventHandler.java:80)
	at com.sun.javafx.event.EventHandlerManager.dispatchBubblingEvent(EventHandlerManager.java:238)
	at com.sun.javafx.event.EventHandlerManager.dispatchBubblingEvent(EventHandlerManager.java:191)
	at com.sun.javafx.event.CompositeEventDispatcher.dispatchBubblingEvent(CompositeEventDispatcher.java:59)
	at com.sun.javafx.event.BasicEventDispatcher.dispatchEvent(BasicEventDispatcher.java:58)
	at com.sun.javafx.event.EventDispatchChainImpl.dispatchEvent(EventDispatchChainImpl.java:114)
	at com.sun.javafx.event.BasicEventDispatcher.dispatchEvent(BasicEventDispatcher.java:56)
	at com.sun.javafx.event.EventDispatchChainImpl.dispatchEvent(EventDispatchChainImpl.java:114)
	at com.sun.javafx.event.BasicEventDispatcher.dispatchEvent(BasicEventDispatcher.java:56)
	at com.sun.javafx.event.EventDispatchChainImpl.dispatchEvent(EventDispatchChainImpl.java:114)
	at com.sun.javafx.event.EventUtil.fireEventImpl(EventUtil.java:74)
	at com.sun.javafx.event.EventUtil.fireEvent(EventUtil.java:54)
	at javafx.event.Event.fireEvent(Event.java:198)
	at javafx.scene.Scene$MouseHandler.process(Scene.java:3757)
	at javafx.scene.Scene$MouseHandler.access$1500(Scene.java:3485)
	at javafx.scene.Scene.impl_processMouseEvent(Scene.java:1762)
	at javafx.scene.Scene$ScenePeerListener.mouseEvent(Scene.java:2494)
	at com.sun.javafx.tk.quantum.GlassViewEventHandler$MouseEventNotification.run(GlassViewEventHandler.java:394)
	at com.sun.javafx.tk.quantum.GlassViewEventHandler$MouseEventNotification.run(GlassViewEventHandler.java:295)
	at java.security.AccessController.doPrivileged(Native Method)
	at com.sun.javafx.tk.quantum.GlassViewEventHandler.lambda$handleMouseEvent$353(GlassViewEventHandler.java:432)
	at com.sun.javafx.tk.quantum.QuantumToolkit.runWithoutRenderLock(QuantumToolkit.java:389)
	at com.sun.javafx.tk.quantum.GlassViewEventHandler.handleMouseEvent(GlassViewEventHandler.java:431)
	at com.sun.glass.ui.View.handleMouseEvent(View.java:555)
	at com.sun.glass.ui.View.notifyMouse(View.java:937)
	at com.sun.glass.ui.win.WinApplication._runLoop(Native Method)
	at com.sun.glass.ui.win.WinApplication.lambda$null$147(WinApplication.java:177)
	at java.lang.Thread.run(Thread.java:748)
2019-06-02 23:56:40 INFO  MenuController:122 - Game started
2019-06-02 23:56:42 INFO  MenuController:57 - Choosen level: easy
2019-06-02 23:56:43 INFO  MenuController:122 - Game started
2019-06-02 23:56:46 INFO  PlanszaController:77 - Sudoku has not been solved
2019-06-03 00:03:15 INFO  MenuController:57 - Choosen level: easy
2019-06-03 00:03:16 INFO  MenuController:122 - Game started
2019-06-03 00:03:20 INFO  PlanszaController:77 - Sudoku has not been solved
2019-06-03 00:03:24 INFO  PlanszaController:77 - Sudoku has not been solved
2019-06-03 00:03:31 INFO  MenuController:122 - Game started
2019-06-03 00:10:06 INFO  MenuController:122 - Game started
2019-06-03 00:12:07 INFO  MenuController:122 - Game started
2019-06-03 00:12:28 INFO  MenuController:122 - Game started
2019-06-03 00:12:30 INFO  FileSudokuBoardDao:28 - Sudoku zapisane do pliku
2019-06-03 00:13:54 INFO  MenuController:57 - Choosen level: easy
2019-06-03 00:13:59 INFO  MenuController:122 - Game started
2019-06-03 00:14:01 INFO  FileSudokuBoardDao:31 - Sudoku has been saved to file 
2019-06-03 00:14:04 INFO  MenuController:152 - Zmieniono jezyk na polski
2019-06-03 00:14:05 DEBUG MenuController:171 - Menu has been loaded successfully 
2019-06-03 00:14:06 INFO  MenuController:122 - Gra rozpoczeta
2019-06-03 00:14:55 INFO  MenuController:122 - Gra rozpoczeta
2019-06-03 00:14:56 INFO  FileSudokuBoardDao:31 - Sudoku zapisane do pliku
2019-06-03 00:15:01 INFO  FileSudokuBoardDao:31 - Sudoku zapisane do pliku
2019-06-03 00:15:05 INFO  PlanszaController:77 - Sudoku nie zostalo rozwiazane
2019-06-03 00:15:12 INFO  MenuController:122 - Gra rozpoczeta
2019-06-03 00:15:19 INFO  PlanszaController:77 - Sudoku nie zostalo rozwiazane
2019-06-03 00:15:19 INFO  FileSudokuBoardDao:31 - Sudoku zapisane do pliku
2019-06-03 00:15:26 INFO  MenuController:122 - Gra rozpoczeta
2019-06-03 00:17:55 INFO  MenuController:57 - Choosen level: easy
2019-06-03 00:17:57 INFO  MenuController:122 - Game started
2019-06-03 00:18:03 INFO  PlanszaController:77 - Sudoku has not been solved
2019-06-03 00:18:04 INFO  FileSudokuBoardDao:31 - Sudoku has been saved to file 
2019-06-03 00:18:20 INFO  MenuController:122 - Game started
2019-06-03 00:20:25 INFO  MenuController:57 - Choosen level: easy
2019-06-03 00:20:28 DEBUG FileSudokuBoardDao:45 - Sudoku has been loaded to the program
2019-06-03 00:20:31 INFO  MenuController:122 - Game started
2019-06-03 00:20:37 INFO  PlanszaController:77 - Sudoku has not been solved
2019-06-03 00:20:40 DEBUG FileSudokuBoardDao:31 - Sudoku has been saved to file 
2019-06-03 00:20:51 INFO  MenuController:122 - Game started
2019-06-03 00:20:55 DEBUG FileSudokuBoardDao:45 - Sudoku has been loaded to the program
2019-06-03 00:21:05 INFO  MenuController:57 - Choosen level: easy
2019-06-03 00:21:06 INFO  MenuController:122 - Game started
2019-06-03 00:22:06 INFO  MenuController:152 - Zmieniono jezyk na polski
2019-06-03 00:22:06 DEBUG MenuController:171 - Menu zostalo poprawnie zaladowane
2019-06-03 00:22:07 INFO  MenuController:57 - Wybrany poziom: latwy
2019-06-03 00:22:12 DEBUG FileSudokuBoardDao:45 - Sudoku zostalo wczytane do programu
2019-06-03 00:22:14 INFO  MenuController:122 - Gra rozpoczeta
2019-06-03 00:22:17 INFO  PlanszaController:77 - Sudoku nie zostalo rozwiazane
2019-06-03 00:22:20 INFO  PlanszaController:125 - Praca programu zostala zakonczona
2019-06-03 00:36:17 INFO  MenuController:57 - Choosen level: easy
2019-06-03 00:36:18 DEBUG FileSudokuBoardDao:45 - Sudoku has been loaded to the program
2019-06-03 00:36:21 INFO  MenuController:152 - Zmieniono jezyk na polski
2019-06-03 00:36:21 DEBUG MenuController:171 - Menu zostalo poprawnie zaladowane
2019-06-03 00:36:22 INFO  MenuController:122 - Gra rozpoczeta
2019-06-03 00:36:31 INFO  PlanszaController:77 - Sudoku nie zostalo rozwiazane
2019-06-03 00:36:32 DEBUG FileSudokuBoardDao:31 - Sudoku zapisane do pliku
2019-06-03 00:36:36 INFO  MenuController:144 - Language switched to English
2019-06-03 00:36:36 DEBUG MenuController:171 - Menu has been loaded successfully 
2019-06-03 00:36:37 DEBUG FileSudokuBoardDao:45 - Sudoku has been loaded to the program
2019-06-03 00:36:38 INFO  MenuController:57 - Choosen level: easy
2019-06-03 00:36:39 INFO  MenuController:80 - Choosen level: medium
2019-06-03 00:36:39 INFO  MenuController:103 - Choosen level: hard
2019-06-03 00:36:40 INFO  MenuController:122 - Game started
2019-06-03 00:36:42 INFO  PlanszaController:125 - Program has been shut down
